<?xml version="1.0" encoding="UTF-8"?>
<!-- Generated by org.testng.reporters.JUnitReportReporter -->
<testsuite hostname="DESKTOP-SCPAP1U" name="com.apicalls.StepDefinition" tests="2" failures="0" timestamp="29 Nov 2021 01:37:37 GMT" time="1.945" errors="0">
  <testcase name="postCall" time="0.514" classname="com.apicalls.StepDefinition"/>
  <testcase name="callTheUserService" time="1.431" classname="com.apicalls.StepDefinition"/>
</testsuite> <!-- com.apicalls.StepDefinition -->
