<?xml version="1.0" encoding="UTF-8"?>
<!-- Generated by org.testng.reporters.JUnitReportReporter -->
<testsuite hostname="DESKTOP-SCPAP1U" name="com.apicalls.RestCall" tests="2" failures="0" timestamp="29 Nov 2021 00:09:48 GMT" time="2.398" errors="0">
  <testcase name="postCall" time="0.602" classname="com.apicalls.RestCall"/>
  <testcase name="callTheUserService" time="1.796" classname="com.apicalls.RestCall"/>
</testsuite> <!-- com.apicalls.RestCall -->
